2018/02/16 12:54:03 にビルドを開始しました。
     1>ノード 2 上のプロジェクト "C:\Users\kbc11606120\Documents\GAME\ZeroFour\ZeroFour.vcxproj" (Build ターゲット)。
     1>ClCompile:
         C:\Program Files (x86)\Microsoft Visual Studio 11.0\VC\bin\CL.exe /c /I"C:\Program Files (x86)\Microsoft DirectX SDK (June 2010)\\Include" /ZI /nologo /W3 /WX- /Od /Oy- /D _MBCS /Gm /EHsc /RTC1 /MDd /GS /fp:precise /Zc:wchar_t /Zc:forScope /Fo"Debug\\" /Fd"Debug\vc110.pdb" /Gd /TP /analyze- /errorReport:prompt backGround.cpp gameMain.cpp winmain.cpp
         gameMain.cpp
         コードを生成中...
         コンパイル中...
         winmain.cpp
         コードを生成中...
         スキップ中... (関連する変更は検出されませんでした)
         backGround.cpp
       Link:
         C:\Program Files (x86)\Microsoft Visual Studio 11.0\VC\bin\link.exe /ERRORREPORT:PROMPT /OUT:"C:\Users\kbc11606120\Documents\GAME\ZeroFour\Debug\ZeroFour.exe" /NOLOGO /LIBPATH:"C:\Program Files (x86)\Microsoft DirectX SDK (June 2010)\\Lib\x86" d3d9.lib d3dx9.lib winmm.lib xinput.lib kernel32.lib user32.lib gdi32.lib winspool.lib comdlg32.lib advapi32.lib shell32.lib ole32.lib oleaut32.lib uuid.lib odbc32.lib odbccp32.lib /MANIFEST /MANIFESTUAC:"level='asInvoker' uiAccess='false'" /manifest:embed /DEBUG /PDB:"C:\Users\kbc11606120\Documents\GAME\ZeroFour\Debug\ZeroFour.pdb" /TLBID:1 /DYNAMICBASE /NXCOMPAT /IMPLIB:"C:\Users\kbc11606120\Documents\GAME\ZeroFour\Debug\ZeroFour.lib" /MACHINE:X86 /SAFESEH Debug\audio.obj
         Debug\backGround.obj
         Debug\console.obj
         Debug\dashboard.obj
         Debug\entity.obj
         Debug\game.obj
         Debug\graphics.obj
         Debug\inputDialog.obj
         Debug\messageDialog.obj
         Debug\net.obj
         Debug\text.obj
         Debug\textureManager.obj
         Debug\input.obj
         Debug\gameMain.obj
         Debug\image.obj
         Debug\textDX.obj
         Debug\winmain.obj
         ZeroFour.vcxproj -> C:\Users\kbc11606120\Documents\GAME\ZeroFour\Debug\ZeroFour.exe
     1>プロジェクト "C:\Users\kbc11606120\Documents\GAME\ZeroFour\ZeroFour.vcxproj" (Build ターゲット) のビルドが完了しました。

ビルドに成功しました。

経過時間 00:00:03.36
