C:\USERS\KBC11606120\DOCUMENTS\GAME\ZEROFOUR\DEBUG\AUDIO.OBJ
C:\USERS\KBC11606120\DOCUMENTS\GAME\ZEROFOUR\DEBUG\CONSOLE.OBJ
C:\USERS\KBC11606120\DOCUMENTS\GAME\ZEROFOUR\DEBUG\DASHBOARD.OBJ
C:\USERS\KBC11606120\DOCUMENTS\GAME\ZEROFOUR\DEBUG\ENTITY.OBJ
C:\USERS\KBC11606120\DOCUMENTS\GAME\ZEROFOUR\DEBUG\GAME.OBJ
C:\USERS\KBC11606120\DOCUMENTS\GAME\ZEROFOUR\DEBUG\GRAPHICS.OBJ
C:\USERS\KBC11606120\DOCUMENTS\GAME\ZEROFOUR\DEBUG\INPUTDIALOG.OBJ
C:\USERS\KBC11606120\DOCUMENTS\GAME\ZEROFOUR\DEBUG\MESSAGEDIALOG.OBJ
C:\USERS\KBC11606120\DOCUMENTS\GAME\ZEROFOUR\DEBUG\NET.OBJ
C:\USERS\KBC11606120\DOCUMENTS\GAME\ZEROFOUR\DEBUG\TEXT.OBJ
C:\USERS\KBC11606120\DOCUMENTS\GAME\ZEROFOUR\DEBUG\TEXTUREMANAGER.OBJ
C:\USERS\KBC11606120\DOCUMENTS\GAME\ZEROFOUR\DEBUG\INPUT.OBJ
C:\USERS\KBC11606120\DOCUMENTS\GAME\ZEROFOUR\DEBUG\GAMEMAIN.OBJ
C:\USERS\KBC11606120\DOCUMENTS\GAME\ZEROFOUR\DEBUG\IMAGE.OBJ
C:\USERS\KBC11606120\DOCUMENTS\GAME\ZEROFOUR\DEBUG\TEXTDX.OBJ
C:\USERS\KBC11606120\DOCUMENTS\GAME\ZEROFOUR\DEBUG\WINMAIN.OBJ
C:\USERS\KBC11606120\DOCUMENTS\GAME\ZEROFOUR\DEBUG\VC110.PDB
C:\USERS\KBC11606120\DOCUMENTS\GAME\ZEROFOUR\DEBUG\BACKGROUND.OBJ
C:\USERS\KBC11606120\DOCUMENTS\GAME\ZEROFOUR\DEBUG\ZEROFOUR.ILK
C:\USERS\KBC11606120\DOCUMENTS\GAME\ZEROFOUR\DEBUG\ZEROFOUR.EXE
C:\USERS\KBC11606120\DOCUMENTS\GAME\ZEROFOUR\DEBUG\ZEROFOUR.PDB
C:\Users\kbc11606120\Documents\GAME\ZeroFour\Debug\audio.obj
C:\Users\kbc11606120\Documents\GAME\ZeroFour\Debug\backGround.obj
C:\Users\kbc11606120\Documents\GAME\ZeroFour\Debug\console.obj
C:\Users\kbc11606120\Documents\GAME\ZeroFour\Debug\dashboard.obj
C:\Users\kbc11606120\Documents\GAME\ZeroFour\Debug\entity.obj
C:\Users\kbc11606120\Documents\GAME\ZeroFour\Debug\game.obj
C:\Users\kbc11606120\Documents\GAME\ZeroFour\Debug\gameMain.obj
C:\Users\kbc11606120\Documents\GAME\ZeroFour\Debug\graphics.obj
C:\Users\kbc11606120\Documents\GAME\ZeroFour\Debug\image.obj
C:\Users\kbc11606120\Documents\GAME\ZeroFour\Debug\input.obj
C:\Users\kbc11606120\Documents\GAME\ZeroFour\Debug\inputDialog.obj
C:\Users\kbc11606120\Documents\GAME\ZeroFour\Debug\messageDialog.obj
C:\Users\kbc11606120\Documents\GAME\ZeroFour\Debug\net.obj
C:\Users\kbc11606120\Documents\GAME\ZeroFour\Debug\text.obj
C:\Users\kbc11606120\Documents\GAME\ZeroFour\Debug\textDX.obj
C:\Users\kbc11606120\Documents\GAME\ZeroFour\Debug\textureManager.obj
C:\Users\kbc11606120\Documents\GAME\ZeroFour\Debug\winmain.obj
C:\Users\kbc11606120\Documents\GAME\ZeroFour\Debug\ZeroFour.ilk
C:\Users\kbc11606120\Documents\GAME\ZeroFour\Debug\cl.command.1.tlog
C:\Users\kbc11606120\Documents\GAME\ZeroFour\Debug\CL.read.1.tlog
C:\Users\kbc11606120\Documents\GAME\ZeroFour\Debug\CL.write.1.tlog
C:\Users\kbc11606120\Documents\GAME\ZeroFour\Debug\link-cvtres.read.1.tlog
C:\Users\kbc11606120\Documents\GAME\ZeroFour\Debug\link-cvtres.write.1.tlog
C:\Users\kbc11606120\Documents\GAME\ZeroFour\Debug\link-rc.read.1.tlog
C:\Users\kbc11606120\Documents\GAME\ZeroFour\Debug\link-rc.write.1.tlog
C:\Users\kbc11606120\Documents\GAME\ZeroFour\Debug\link.13308-cvtres.read.1.tlog
C:\Users\kbc11606120\Documents\GAME\ZeroFour\Debug\link.13308-cvtres.write.1.tlog
C:\Users\kbc11606120\Documents\GAME\ZeroFour\Debug\link.13308-rc.read.1.tlog
C:\Users\kbc11606120\Documents\GAME\ZeroFour\Debug\link.13308-rc.write.1.tlog
C:\Users\kbc11606120\Documents\GAME\ZeroFour\Debug\link.13308.read.1.tlog
C:\Users\kbc11606120\Documents\GAME\ZeroFour\Debug\link.13308.write.1.tlog
C:\Users\kbc11606120\Documents\GAME\ZeroFour\Debug\link.5028-cvtres.read.1.tlog
C:\Users\kbc11606120\Documents\GAME\ZeroFour\Debug\link.5028-cvtres.write.1.tlog
C:\Users\kbc11606120\Documents\GAME\ZeroFour\Debug\link.5028-rc.read.1.tlog
C:\Users\kbc11606120\Documents\GAME\ZeroFour\Debug\link.5028-rc.write.1.tlog
C:\Users\kbc11606120\Documents\GAME\ZeroFour\Debug\link.5028.read.1.tlog
C:\Users\kbc11606120\Documents\GAME\ZeroFour\Debug\link.5028.write.1.tlog
C:\Users\kbc11606120\Documents\GAME\ZeroFour\Debug\link.6824-cvtres.read.1.tlog
C:\Users\kbc11606120\Documents\GAME\ZeroFour\Debug\link.6824-cvtres.write.1.tlog
C:\Users\kbc11606120\Documents\GAME\ZeroFour\Debug\link.6824-rc.read.1.tlog
C:\Users\kbc11606120\Documents\GAME\ZeroFour\Debug\link.6824-rc.write.1.tlog
C:\Users\kbc11606120\Documents\GAME\ZeroFour\Debug\link.6824.read.1.tlog
C:\Users\kbc11606120\Documents\GAME\ZeroFour\Debug\link.6824.write.1.tlog
C:\Users\kbc11606120\Documents\GAME\ZeroFour\Debug\link.command.1.tlog
C:\Users\kbc11606120\Documents\GAME\ZeroFour\Debug\link.read.1.tlog
C:\Users\kbc11606120\Documents\GAME\ZeroFour\Debug\link.write.1.tlog
C:\Users\kbc11606120\Documents\GAME\ZeroFour\Debug\vc110.idb
C:\Users\kbc11606120\Documents\GAME\ZeroFour\Debug\vc110.pdb
C:\Users\kbc11606120\Documents\GAME\ZeroFour\Debug\ZeroFour.pdb
C:\Users\kbc11606120\Documents\GAME\ZeroFour\Debug\ZeroFour.exe
