2018/02/14 15:09:40 にビルドを開始しました。
     1>ノード 2 上のプロジェクト "C:\Users\kbc11606120\Downloads\SampleCode\Chapter11\GameEngine\GameEngineV3.1\GameEngine.vcxproj" (Build ターゲット)。
     1>ClCompile:
         C:\Program Files (x86)\Microsoft Visual Studio 11.0\VC\bin\CL.exe /c /I"C:\Program Files (x86)\Microsoft DirectX SDK (June 2010)\\Include" /ZI /nologo /W3 /WX- /Od /Oy- /D _MBCS /Gm /EHsc /RTC1 /MDd /GS /fp:precise /Zc:wchar_t /Zc:forScope /Fo"Debug\\" /Fd"Debug\vc110.pdb" /Gd /TP /analyze- /errorReport:prompt audio.cpp console.cpp dashboard.cpp entity.cpp game.cpp graphics.cpp inputDialog.cpp messageDialog.cpp net.cpp text.cpp textureManager.cpp input.cpp createThisClass.cpp image.cpp textDX.cpp winmain.cpp
         winmain.cpp
         textDX.cpp
         image.cpp
         createThisClass.cpp
         input.cpp
         textureManager.cpp
         text.cpp
         net.cpp
         messageDialog.cpp
         inputDialog.cpp
         graphics.cpp
         game.cpp
         entity.cpp
         dashboard.cpp
         console.cpp
         audio.cpp
         コードを生成中...
       Link:
         C:\Program Files (x86)\Microsoft Visual Studio 11.0\VC\bin\link.exe /ERRORREPORT:PROMPT /OUT:"C:\Users\kbc11606120\Downloads\SampleCode\Chapter11\GameEngine\GameEngineV3.1\Debug\GameEngine.exe" /NOLOGO /LIBPATH:"C:\Program Files (x86)\Microsoft DirectX SDK (June 2010)\\Lib\x86" d3d9.lib d3dx9.lib winmm.lib xinput.lib kernel32.lib user32.lib gdi32.lib winspool.lib comdlg32.lib advapi32.lib shell32.lib ole32.lib oleaut32.lib uuid.lib odbc32.lib odbccp32.lib /MANIFEST /MANIFESTUAC:"level='asInvoker' uiAccess='false'" /manifest:embed /DEBUG /PDB:"C:\Users\kbc11606120\Downloads\SampleCode\Chapter11\GameEngine\GameEngineV3.1\Debug\GameEngine.pdb" /TLBID:1 /DYNAMICBASE /NXCOMPAT /IMPLIB:"C:\Users\kbc11606120\Downloads\SampleCode\Chapter11\GameEngine\GameEngineV3.1\Debug\GameEngine.lib" /MACHINE:X86 /SAFESEH Debug\audio.obj
         Debug\console.obj
         Debug\dashboard.obj
         Debug\entity.obj
         Debug\game.obj
         Debug\graphics.obj
         Debug\inputDialog.obj
         Debug\messageDialog.obj
         Debug\net.obj
         Debug\text.obj
         Debug\textureManager.obj
         Debug\input.obj
         Debug\createThisClass.obj
         Debug\image.obj
         Debug\textDX.obj
         Debug\winmain.obj
     1>audio.obj : warning LNK4075: /EDITANDCONTINUE は /SAFESEH の指定によって無視されます。
         GameEngine.vcxproj -> C:\Users\kbc11606120\Downloads\SampleCode\Chapter11\GameEngine\GameEngineV3.1\Debug\GameEngine.exe
     1>プロジェクト "C:\Users\kbc11606120\Downloads\SampleCode\Chapter11\GameEngine\GameEngineV3.1\GameEngine.vcxproj" (Build ターゲット) のビルドが完了しました。

ビルドに成功しました。

経過時間 00:00:15.80
